[info]:[Original array]
[info]:[Sorted array]
[info]:[Original array]
[info]:[Sorted array]
[info]:[Original array]
[info]:[Sorted array]
[info]:[Reverse sorted array]
[info]:[Original array]
[info]:[Sorted array]
[info]:[Reverse sorted array]
[info]:[Original array]
[info]:[Sorted array]
[info]:[Reverse sorted array]
[info]:[Original array]
[info]:[Sorted array]
[info]:[Reverse sorted array]
[info]:[Original array]
[info]:[Sorted array]
[info]:[Reverse sorted array]
[info]:[Original array]
[info]:[Sorted array]
[info]:[Reverse sorted array]
[info]:[Original array]
[info]:[Sorted array]
[info]:[Reverse sorted array]
[info]:[Original array]
[info]:[Sorted array]
[info]:[Reverse sorted array]
[info]:[Original array]
[info]:[Sorted array]
[info]:[Reverse sorted array]
[info]:[Original array]
[info]:[Sorted array]
[info]:[Reverse sorted array]
[info]:[Original array]
[info]:[Sorted array]
[info]:[Reverse sorted array]
[info]:[Original array]
[info]:[Sorted array]
[info]:[Reverse sorted array]
[info]:[Original array]
[info]:[Sorted array]
[info]:[Reverse sorted array]
[info]:[Original array]
[info]:[Sorted array]
[info]:[Reverse sorted array]
[info]:[Original array]
[info]:[Sorted array]
[info]:[Reverse sorted array]
[info]:[found mom in array at index 0]
[info]:[found mom cool in array at index 10]
[info]:[found mom cool in array at index 10]
[info]:[found mom cool in array at index 10]
